<?xml version="1.0" encoding="UTF-8"?>
<testng-results ignored="0" total="1" passed="1" failed="0" skipped="0">
  <reporter-output>
  </reporter-output>
  <suite started-at="2024-07-09T01:54:47 IST" name="Framework" finished-at="2024-07-09T01:55:10 IST" duration-ms="23353">
    <groups>
    </groups>
    <test started-at="2024-07-09T01:54:47 IST" name="Framework-test" finished-at="2024-07-09T01:55:10 IST" duration-ms="23353">
      <class name="testCase.LoginTest">
        <test-method is-config="true" signature="setUp()[pri:0, instance:testCase.LoginTest@bef2d72]" started-at="2024-07-09T01:54:47 IST" name="setUp" finished-at="2024-07-09T01:54:54 IST" duration-ms="7248" status="PASS">
          <reporter-output>
          </reporter-output>
        </test-method> <!-- setUp -->
        <test-method signature="login()[pri:0, instance:testCase.LoginTest@bef2d72]" started-at="2024-07-09T01:54:54 IST" name="login" finished-at="2024-07-09T01:55:10 IST" duration-ms="15876" status="PASS">
          <reporter-output>
          </reporter-output>
        </test-method> <!-- login -->
        <test-method is-config="true" signature="tearDown()[pri:0, instance:testCase.LoginTest@bef2d72]" started-at="2024-07-09T01:55:10 IST" name="tearDown" finished-at="2024-07-09T01:55:10 IST" duration-ms="190" status="PASS">
          <reporter-output>
          </reporter-output>
        </test-method> <!-- tearDown -->
      </class> <!-- testCase.LoginTest -->
    </test> <!-- Framework-test -->
  </suite> <!-- Framework -->
</testng-results>
